2024-10-24 15:30:17.535 +05:30 [INF] User profile is available. Using 'C:\Users\SunilReddyDoddeti\AppData\Local\ASP.NET\DataProtection-Keys' as key repository and Windows DPAPI to encrypt keys at rest.
2024-10-24 15:30:17.632 +05:30 [INF] Now listening on: http://localhost:5096
2024-10-24 15:30:17.634 +05:30 [INF] Application started. Press Ctrl+C to shut down.
2024-10-24 15:30:17.635 +05:30 [INF] Hosting environment: Development
2024-10-24 15:30:17.637 +05:30 [INF] Content root path: D:\Advent\API\EModal-Backend\PortAppointmentAPI
2024-10-24 15:31:05.863 +05:30 [INF] Request starting HTTP/1.1 GET http://localhost:5096/api/authenticate/login - application/json 87
2024-10-24 15:31:05.899 +05:30 [WRN] Failed to determine the https port for redirect.
2024-10-24 15:31:06.033 +05:30 [INF] Failed to validate the token.
Microsoft.IdentityModel.Tokens.SecurityTokenExpiredException: IDX10223: Lifetime validation failed. The token is expired. ValidTo (UTC): '21-10-2024 10:55:56', Current time (UTC): '24-10-2024 10:01:06'.
   at Microsoft.IdentityModel.Tokens.Validators.ValidateLifetime(Nullable`1 notBefore, Nullable`1 expires, SecurityToken securityToken, TokenValidationParameters validationParameters)
   at Microsoft.IdentityModel.JsonWebTokens.JsonWebTokenHandler.ValidateTokenPayloadAsync(JsonWebToken jsonWebToken, TokenValidationParameters validationParameters, BaseConfiguration configuration)
   at Microsoft.IdentityModel.JsonWebTokens.JsonWebTokenHandler.ValidateJWSAsync(JsonWebToken jsonWebToken, TokenValidationParameters validationParameters, BaseConfiguration configuration)
2024-10-24 15:31:06.053 +05:30 [INF] Bearer was not authenticated. Failure message: IDX10223: Lifetime validation failed. The token is expired. ValidTo (UTC): '21-10-2024 10:55:56', Current time (UTC): '24-10-2024 10:01:06'.
2024-10-24 15:31:06.058 +05:30 [INF] Executing endpoint '405 HTTP Method Not Supported'
2024-10-24 15:31:06.059 +05:30 [INF] Executed endpoint '405 HTTP Method Not Supported'
2024-10-24 15:31:06.068 +05:30 [INF] Request finished HTTP/1.1 GET http://localhost:5096/api/authenticate/login - 405 0 null 206.1126ms
2024-10-24 15:31:19.996 +05:30 [INF] Request starting HTTP/1.1 POST http://localhost:5096/api/authenticate/login - application/json 87
2024-10-24 15:31:20.006 +05:30 [INF] Failed to validate the token.
Microsoft.IdentityModel.Tokens.SecurityTokenExpiredException: IDX10223: Lifetime validation failed. The token is expired. ValidTo (UTC): '21-10-2024 10:55:56', Current time (UTC): '24-10-2024 10:01:20'.
   at Microsoft.IdentityModel.Tokens.Validators.ValidateLifetime(Nullable`1 notBefore, Nullable`1 expires, SecurityToken securityToken, TokenValidationParameters validationParameters)
   at Microsoft.IdentityModel.JsonWebTokens.JsonWebTokenHandler.ValidateTokenPayloadAsync(JsonWebToken jsonWebToken, TokenValidationParameters validationParameters, BaseConfiguration configuration)
   at Microsoft.IdentityModel.JsonWebTokens.JsonWebTokenHandler.ValidateJWSAsync(JsonWebToken jsonWebToken, TokenValidationParameters validationParameters, BaseConfiguration configuration)
2024-10-24 15:31:20.012 +05:30 [INF] Bearer was not authenticated. Failure message: IDX10223: Lifetime validation failed. The token is expired. ValidTo (UTC): '21-10-2024 10:55:56', Current time (UTC): '24-10-2024 10:01:20'.
2024-10-24 15:31:20.017 +05:30 [INF] Executing endpoint 'PortAppointmentAPI.Controllers.AuthenticateController.Login (PortAppointmentAPI)'
2024-10-24 15:31:20.053 +05:30 [INF] Route matched with {action = "Login", controller = "Authenticate"}. Executing controller action with signature System.Threading.Tasks.Task`1[Microsoft.AspNetCore.Mvc.IActionResult] Login(PortAppointmentAPI.Models.UserLogin) on controller PortAppointmentAPI.Controllers.AuthenticateController (PortAppointmentAPI).
2024-10-24 15:31:20.241 +05:30 [INF] Login process started for Username: SunilReddy
2024-10-24 15:31:25.166 +05:30 [INF] Executed DbCommand (54ms) [Parameters=[@__model_Username_0='?' (Size = 4000), @__model_Role_1='?' (Size = 4000)], CommandType='"Text"', CommandTimeout='30']
SELECT TOP(2) [u].[Id], [u].[Password], [u].[Role], [u].[Username]
FROM [UserLogin] AS [u]
WHERE [u].[Username] = @__model_Username_0 AND [u].[Role] = @__model_Role_1
2024-10-24 15:31:25.674 +05:30 [INF] Login completed successfully for Username: SunilReddy.
2024-10-24 15:31:25.680 +05:30 [INF] Executing OkObjectResult, writing value of type '<>f__AnonymousType0`1[[System.String, System.Private.CoreLib, Version=8.0.0.0, Culture=neutral, PublicKeyToken=7cec85d7bea7798e]]'.
2024-10-24 15:31:25.694 +05:30 [INF] Executed action PortAppointmentAPI.Controllers.AuthenticateController.Login (PortAppointmentAPI) in 5632.9968ms
2024-10-24 15:31:25.697 +05:30 [INF] Executed endpoint 'PortAppointmentAPI.Controllers.AuthenticateController.Login (PortAppointmentAPI)'
2024-10-24 15:31:25.708 +05:30 [INF] Request finished HTTP/1.1 POST http://localhost:5096/api/authenticate/login - 200 null application/json; charset=utf-8 5712.1215ms
2024-10-24 15:31:49.390 +05:30 [INF] Application is shutting down...
2024-10-24 15:44:52.905 +05:30 [INF] User profile is available. Using 'C:\Users\SunilReddyDoddeti\AppData\Local\ASP.NET\DataProtection-Keys' as key repository and Windows DPAPI to encrypt keys at rest.
2024-10-24 15:44:53.038 +05:30 [INF] Now listening on: http://localhost:5096
2024-10-24 15:44:53.040 +05:30 [INF] Application started. Press Ctrl+C to shut down.
2024-10-24 15:44:53.043 +05:30 [INF] Hosting environment: Development
2024-10-24 15:44:53.045 +05:30 [INF] Content root path: D:\Advent\API\EModal-Backend\PortAppointmentAPI
2024-10-24 15:45:26.104 +05:30 [INF] Request starting HTTP/1.1 GET http://localhost:5096/api/Appointments - application/json 87
2024-10-24 15:45:26.162 +05:30 [WRN] Failed to determine the https port for redirect.
2024-10-24 15:45:26.394 +05:30 [INF] Request finished HTTP/1.1 GET http://localhost:5096/api/Appointments - 404 0 null 292.6784ms
2024-10-24 15:45:26.446 +05:30 [INF] Request reached the end of the middleware pipeline without being handled by application code. Request path: GET http://localhost:5096/api/Appointments, Response status code: 404
2024-10-24 15:45:30.172 +05:30 [INF] Request starting HTTP/1.1 GET http://localhost:5096/api/Appointment - application/json 87
2024-10-24 15:45:30.218 +05:30 [INF] Executing endpoint 'PortAppointmentAPI.Controllers.AppointmentController.GetAppointments (PortAppointmentAPI)'
2024-10-24 15:45:30.251 +05:30 [INF] Route matched with {action = "GetAppointments", controller = "Appointment"}. Executing controller action with signature Microsoft.AspNetCore.Mvc.IActionResult GetAppointments() on controller PortAppointmentAPI.Controllers.AppointmentController (PortAppointmentAPI).
2024-10-24 15:45:30.487 +05:30 [INF] GetAppointments called.
2024-10-24 15:45:36.233 +05:30 [INF] Executed DbCommand (59ms) [Parameters=[], CommandType='"Text"', CommandTimeout='30']
SELECT [a].[Id], [a].[AppointmentDate], [a].[AppointmentStatus], [a].[ContainerId], [a].[DriverId], [a].[IsDeleted], [a].[Port], [a].[ShipId], [a].[TerminalId], [a].[TicketNumber], [a].[TruckingCompanyId], [a].[UserId], [d].[Id], [d].[DriverMobileNumber], [d].[DriverName], [d].[IsDeleted], [d].[LicenseNumber], [d].[Status], [d].[VehicleNumber], [t].[Id], [t].[DropType], [t].[IsDeleted], [t].[Name], [s].[Id], [s].[IsDeleted], [s].[ShipNumber], [s].[Status], [s].[TimeSlot], [c].[Id], [c].[ContainerNumber], [c].[IsDeleted], [c].[Size], [c].[Status], [c].[Type], [t0].[Id], [t0].[IsDeleted], [t0].[Location], [t0].[TerminalName]
FROM [Appointments] AS [a]
INNER JOIN [Driver] AS [d] ON [a].[DriverId] = [d].[Id]
INNER JOIN [TruckingCompany] AS [t] ON [a].[TruckingCompanyId] = [t].[Id]
INNER JOIN [Ship] AS [s] ON [a].[ShipId] = [s].[Id]
INNER JOIN [Container] AS [c] ON [a].[ContainerId] = [c].[Id]
INNER JOIN [Terminals] AS [t0] ON [a].[TerminalId] = [t0].[Id]
2024-10-24 15:45:36.540 +05:30 [INF] GetAppointments completed successfully with 6 records.
2024-10-24 15:45:36.552 +05:30 [INF] Executing OkObjectResult, writing value of type 'System.Collections.Generic.List`1[[PortAppointmentAPI.Models.Appointment, PortAppointmentAPI, Version=1.0.0.0, Culture=neutral, PublicKeyToken=null]]'.
2024-10-24 15:45:36.665 +05:30 [INF] Executed action PortAppointmentAPI.Controllers.AppointmentController.GetAppointments (PortAppointmentAPI) in 6400.1027ms
2024-10-24 15:45:36.670 +05:30 [INF] Executed endpoint 'PortAppointmentAPI.Controllers.AppointmentController.GetAppointments (PortAppointmentAPI)'
2024-10-24 15:45:36.691 +05:30 [INF] Request finished HTTP/1.1 GET http://localhost:5096/api/Appointment - 200 null application/json; charset=utf-8 6518.7131ms
2024-10-24 15:45:43.575 +05:30 [INF] Request starting HTTP/1.1 GET http://localhost:5096/api/driver - application/json 87
2024-10-24 15:45:43.591 +05:30 [INF] Executing endpoint 'PortAppointmentAPI.Controllers.DriverController.GetDrivers (PortAppointmentAPI)'
2024-10-24 15:45:43.619 +05:30 [INF] Route matched with {action = "GetDrivers", controller = "Driver"}. Executing controller action with signature System.Threading.Tasks.Task`1[Microsoft.AspNetCore.Mvc.IActionResult] GetDrivers() on controller PortAppointmentAPI.Controllers.DriverController (PortAppointmentAPI).
2024-10-24 15:45:43.631 +05:30 [INF] Fetching all drivers.
2024-10-24 15:45:43.748 +05:30 [INF] Executed DbCommand (27ms) [Parameters=[], CommandType='"Text"', CommandTimeout='30']
SELECT [d].[Id], [d].[DriverMobileNumber], [d].[DriverName], [d].[IsDeleted], [d].[LicenseNumber], [d].[Status], [d].[VehicleNumber]
FROM [Driver] AS [d]
WHERE [d].[IsDeleted] = CAST(0 AS bit)
2024-10-24 15:45:43.778 +05:30 [INF] Fetched 21 drivers.
2024-10-24 15:45:43.785 +05:30 [INF] Executing OkObjectResult, writing value of type 'System.Collections.Generic.List`1[[PortAppointmentAPI.Models.Driver, PortAppointmentAPI, Version=1.0.0.0, Culture=neutral, PublicKeyToken=null]]'.
2024-10-24 15:45:43.798 +05:30 [INF] Executed action PortAppointmentAPI.Controllers.DriverController.GetDrivers (PortAppointmentAPI) in 172.6747ms
2024-10-24 15:45:43.803 +05:30 [INF] Executed endpoint 'PortAppointmentAPI.Controllers.DriverController.GetDrivers (PortAppointmentAPI)'
2024-10-24 15:45:43.812 +05:30 [INF] Request finished HTTP/1.1 GET http://localhost:5096/api/driver - 200 null application/json; charset=utf-8 236.945ms
2024-10-24 15:45:50.944 +05:30 [INF] Request starting HTTP/1.1 GET http://localhost:5096/api/Ship - application/json 87
2024-10-24 15:45:50.955 +05:30 [INF] Executing endpoint 'PortAppointmentAPI.Controllers.ShipController.GetShips (PortAppointmentAPI)'
2024-10-24 15:45:50.967 +05:30 [INF] Route matched with {action = "GetShips", controller = "Ship"}. Executing controller action with signature System.Threading.Tasks.Task`1[Microsoft.AspNetCore.Mvc.IActionResult] GetShips() on controller PortAppointmentAPI.Controllers.ShipController (PortAppointmentAPI).
2024-10-24 15:45:50.977 +05:30 [INF] Fetching all ships.
2024-10-24 15:45:51.116 +05:30 [INF] Executed DbCommand (2ms) [Parameters=[], CommandType='"Text"', CommandTimeout='30']
SELECT [s].[Id], [s].[IsDeleted], [s].[ShipNumber], [s].[Status], [s].[TimeSlot]
FROM [Ship] AS [s]
WHERE [s].[IsDeleted] = CAST(0 AS bit)
2024-10-24 15:45:51.121 +05:30 [INF] Fetched 4 ships.
2024-10-24 15:45:51.123 +05:30 [INF] Executing OkObjectResult, writing value of type 'System.Collections.Generic.List`1[[PortAppointmentAPI.Models.Ship, PortAppointmentAPI, Version=1.0.0.0, Culture=neutral, PublicKeyToken=null]]'.
2024-10-24 15:45:51.129 +05:30 [INF] Executed action PortAppointmentAPI.Controllers.ShipController.GetShips (PortAppointmentAPI) in 154.7942ms
2024-10-24 15:45:51.134 +05:30 [INF] Executed endpoint 'PortAppointmentAPI.Controllers.ShipController.GetShips (PortAppointmentAPI)'
2024-10-24 15:45:51.138 +05:30 [INF] Request finished HTTP/1.1 GET http://localhost:5096/api/Ship - 200 null application/json; charset=utf-8 193.477ms
2024-10-24 15:46:00.182 +05:30 [INF] Request starting HTTP/1.1 GET http://localhost:5096/api/Termina - application/json 87
2024-10-24 15:46:00.197 +05:30 [INF] Request finished HTTP/1.1 GET http://localhost:5096/api/Termina - 404 0 null 15.3251ms
2024-10-24 15:46:00.207 +05:30 [INF] Request reached the end of the middleware pipeline without being handled by application code. Request path: GET http://localhost:5096/api/Termina, Response status code: 404
2024-10-24 15:46:09.376 +05:30 [INF] Request starting HTTP/1.1 GET http://localhost:5096/api/Terminal - application/json 87
2024-10-24 15:46:09.386 +05:30 [INF] Executing endpoint 'PortAppointmentAPI.Controllers.TerminalController.GetTerminals (PortAppointmentAPI)'
2024-10-24 15:46:09.393 +05:30 [INF] Route matched with {action = "GetTerminals", controller = "Terminal"}. Executing controller action with signature Microsoft.AspNetCore.Mvc.IActionResult GetTerminals() on controller PortAppointmentAPI.Controllers.TerminalController (PortAppointmentAPI).
2024-10-24 15:46:09.403 +05:30 [INF] GetTerminals called.
2024-10-24 15:46:09.418 +05:30 [INF] Executed DbCommand (3ms) [Parameters=[], CommandType='"Text"', CommandTimeout='30']
SELECT [t].[Id], [t].[IsDeleted], [t].[Location], [t].[TerminalName]
FROM [Terminals] AS [t]
WHERE [t].[IsDeleted] = CAST(0 AS bit)
2024-10-24 15:46:09.426 +05:30 [INF] Executing OkObjectResult, writing value of type 'System.Collections.Generic.List`1[[PortAppointmentAPI.Models.Terminal, PortAppointmentAPI, Version=1.0.0.0, Culture=neutral, PublicKeyToken=null]]'.
2024-10-24 15:46:09.432 +05:30 [INF] Executed action PortAppointmentAPI.Controllers.TerminalController.GetTerminals (PortAppointmentAPI) in 31.092ms
2024-10-24 15:46:09.435 +05:30 [INF] Executed endpoint 'PortAppointmentAPI.Controllers.TerminalController.GetTerminals (PortAppointmentAPI)'
2024-10-24 15:46:09.440 +05:30 [INF] Request finished HTTP/1.1 GET http://localhost:5096/api/Terminal - 200 null application/json; charset=utf-8 63.9471ms
2024-10-24 15:46:19.003 +05:30 [INF] Request starting HTTP/1.1 GET http://localhost:5096/api/TruckingCompany - application/json 87
2024-10-24 15:46:19.012 +05:30 [INF] Executing endpoint 'PortAppointmentAPI.Controllers.TruckingCompanyController.GetTruckingCompanies (PortAppointmentAPI)'
2024-10-24 15:46:19.023 +05:30 [INF] Route matched with {action = "GetTruckingCompanies", controller = "TruckingCompany"}. Executing controller action with signature System.Threading.Tasks.Task`1[Microsoft.AspNetCore.Mvc.IActionResult] GetTruckingCompanies() on controller PortAppointmentAPI.Controllers.TruckingCompanyController (PortAppointmentAPI).
2024-10-24 15:46:19.032 +05:30 [INF] Fetching all trucking companies.
2024-10-24 15:46:19.051 +05:30 [INF] Executed DbCommand (3ms) [Parameters=[], CommandType='"Text"', CommandTimeout='30']
SELECT [t].[Id], [t].[DropType], [t].[IsDeleted], [t].[Name]
FROM [TruckingCompany] AS [t]
WHERE [t].[IsDeleted] = CAST(0 AS bit)
2024-10-24 15:46:19.060 +05:30 [INF] Fetched 5 trucking companies.
2024-10-24 15:46:19.064 +05:30 [INF] Executing OkObjectResult, writing value of type 'System.Collections.Generic.List`1[[PortAppointmentAPI.Models.TruckingCompany, PortAppointmentAPI, Version=1.0.0.0, Culture=neutral, PublicKeyToken=null]]'.
2024-10-24 15:46:19.069 +05:30 [INF] Executed action PortAppointmentAPI.Controllers.TruckingCompanyController.GetTruckingCompanies (PortAppointmentAPI) in 39.1538ms
2024-10-24 15:46:19.072 +05:30 [INF] Executed endpoint 'PortAppointmentAPI.Controllers.TruckingCompanyController.GetTruckingCompanies (PortAppointmentAPI)'
2024-10-24 15:46:19.076 +05:30 [INF] Request finished HTTP/1.1 GET http://localhost:5096/api/TruckingCompany - 200 null application/json; charset=utf-8 73.2371ms
2024-10-24 15:47:21.689 +05:30 [INF] Request starting HTTP/1.1 GET http://localhost:5096/api/Appointment/?start=1&limit=5 - application/json 87
2024-10-24 15:47:21.700 +05:30 [INF] Executing endpoint 'PortAppointmentAPI.Controllers.AppointmentController.GetAppointments (PortAppointmentAPI)'
2024-10-24 15:47:21.702 +05:30 [INF] Route matched with {action = "GetAppointments", controller = "Appointment"}. Executing controller action with signature Microsoft.AspNetCore.Mvc.IActionResult GetAppointments() on controller PortAppointmentAPI.Controllers.AppointmentController (PortAppointmentAPI).
2024-10-24 15:47:21.707 +05:30 [INF] GetAppointments called.
2024-10-24 15:47:21.713 +05:30 [INF] Executed DbCommand (1ms) [Parameters=[], CommandType='"Text"', CommandTimeout='30']
SELECT [a].[Id], [a].[AppointmentDate], [a].[AppointmentStatus], [a].[ContainerId], [a].[DriverId], [a].[IsDeleted], [a].[Port], [a].[ShipId], [a].[TerminalId], [a].[TicketNumber], [a].[TruckingCompanyId], [a].[UserId], [d].[Id], [d].[DriverMobileNumber], [d].[DriverName], [d].[IsDeleted], [d].[LicenseNumber], [d].[Status], [d].[VehicleNumber], [t].[Id], [t].[DropType], [t].[IsDeleted], [t].[Name], [s].[Id], [s].[IsDeleted], [s].[ShipNumber], [s].[Status], [s].[TimeSlot], [c].[Id], [c].[ContainerNumber], [c].[IsDeleted], [c].[Size], [c].[Status], [c].[Type], [t0].[Id], [t0].[IsDeleted], [t0].[Location], [t0].[TerminalName]
FROM [Appointments] AS [a]
INNER JOIN [Driver] AS [d] ON [a].[DriverId] = [d].[Id]
INNER JOIN [TruckingCompany] AS [t] ON [a].[TruckingCompanyId] = [t].[Id]
INNER JOIN [Ship] AS [s] ON [a].[ShipId] = [s].[Id]
INNER JOIN [Container] AS [c] ON [a].[ContainerId] = [c].[Id]
INNER JOIN [Terminals] AS [t0] ON [a].[TerminalId] = [t0].[Id]
2024-10-24 15:47:21.717 +05:30 [INF] GetAppointments completed successfully with 6 records.
2024-10-24 15:47:21.720 +05:30 [INF] Executing OkObjectResult, writing value of type 'System.Collections.Generic.List`1[[PortAppointmentAPI.Models.Appointment, PortAppointmentAPI, Version=1.0.0.0, Culture=neutral, PublicKeyToken=null]]'.
2024-10-24 15:47:21.721 +05:30 [INF] Executed action PortAppointmentAPI.Controllers.AppointmentController.GetAppointments (PortAppointmentAPI) in 16.9088ms
2024-10-24 15:47:21.723 +05:30 [INF] Executed endpoint 'PortAppointmentAPI.Controllers.AppointmentController.GetAppointments (PortAppointmentAPI)'
2024-10-24 15:47:21.725 +05:30 [INF] Request finished HTTP/1.1 GET http://localhost:5096/api/Appointment/?start=1&limit=5 - 200 null application/json; charset=utf-8 35.4798ms
2024-10-24 15:47:29.463 +05:30 [INF] Request starting HTTP/1.1 GET http://localhost:5096/api/Appointment/?start=1&limit=2 - application/json 87
2024-10-24 15:47:29.490 +05:30 [INF] Executing endpoint 'PortAppointmentAPI.Controllers.AppointmentController.GetAppointments (PortAppointmentAPI)'
2024-10-24 15:47:29.496 +05:30 [INF] Route matched with {action = "GetAppointments", controller = "Appointment"}. Executing controller action with signature Microsoft.AspNetCore.Mvc.IActionResult GetAppointments() on controller PortAppointmentAPI.Controllers.AppointmentController (PortAppointmentAPI).
2024-10-24 15:47:29.506 +05:30 [INF] GetAppointments called.
2024-10-24 15:47:29.513 +05:30 [INF] Executed DbCommand (1ms) [Parameters=[], CommandType='"Text"', CommandTimeout='30']
SELECT [a].[Id], [a].[AppointmentDate], [a].[AppointmentStatus], [a].[ContainerId], [a].[DriverId], [a].[IsDeleted], [a].[Port], [a].[ShipId], [a].[TerminalId], [a].[TicketNumber], [a].[TruckingCompanyId], [a].[UserId], [d].[Id], [d].[DriverMobileNumber], [d].[DriverName], [d].[IsDeleted], [d].[LicenseNumber], [d].[Status], [d].[VehicleNumber], [t].[Id], [t].[DropType], [t].[IsDeleted], [t].[Name], [s].[Id], [s].[IsDeleted], [s].[ShipNumber], [s].[Status], [s].[TimeSlot], [c].[Id], [c].[ContainerNumber], [c].[IsDeleted], [c].[Size], [c].[Status], [c].[Type], [t0].[Id], [t0].[IsDeleted], [t0].[Location], [t0].[TerminalName]
FROM [Appointments] AS [a]
INNER JOIN [Driver] AS [d] ON [a].[DriverId] = [d].[Id]
INNER JOIN [TruckingCompany] AS [t] ON [a].[TruckingCompanyId] = [t].[Id]
INNER JOIN [Ship] AS [s] ON [a].[ShipId] = [s].[Id]
INNER JOIN [Container] AS [c] ON [a].[ContainerId] = [c].[Id]
INNER JOIN [Terminals] AS [t0] ON [a].[TerminalId] = [t0].[Id]
2024-10-24 15:47:29.524 +05:30 [INF] GetAppointments completed successfully with 6 records.
2024-10-24 15:47:29.529 +05:30 [INF] Executing OkObjectResult, writing value of type 'System.Collections.Generic.List`1[[PortAppointmentAPI.Models.Appointment, PortAppointmentAPI, Version=1.0.0.0, Culture=neutral, PublicKeyToken=null]]'.
2024-10-24 15:47:29.532 +05:30 [INF] Executed action PortAppointmentAPI.Controllers.AppointmentController.GetAppointments (PortAppointmentAPI) in 27.7163ms
2024-10-24 15:47:29.534 +05:30 [INF] Executed endpoint 'PortAppointmentAPI.Controllers.AppointmentController.GetAppointments (PortAppointmentAPI)'
2024-10-24 15:47:29.535 +05:30 [INF] Request finished HTTP/1.1 GET http://localhost:5096/api/Appointment/?start=1&limit=2 - 200 null application/json; charset=utf-8 72.0866ms
2024-10-24 15:47:59.209 +05:30 [INF] Request starting HTTP/1.1 GET http://localhost:5096/api/Driver/?start=&limit=2 - application/json 87
2024-10-24 15:47:59.224 +05:30 [INF] Executing endpoint 'PortAppointmentAPI.Controllers.DriverController.GetDrivers (PortAppointmentAPI)'
2024-10-24 15:47:59.227 +05:30 [INF] Route matched with {action = "GetDrivers", controller = "Driver"}. Executing controller action with signature System.Threading.Tasks.Task`1[Microsoft.AspNetCore.Mvc.IActionResult] GetDrivers() on controller PortAppointmentAPI.Controllers.DriverController (PortAppointmentAPI).
2024-10-24 15:47:59.231 +05:30 [INF] Fetching all drivers.
2024-10-24 15:47:59.234 +05:30 [INF] Executed DbCommand (0ms) [Parameters=[], CommandType='"Text"', CommandTimeout='30']
SELECT [d].[Id], [d].[DriverMobileNumber], [d].[DriverName], [d].[IsDeleted], [d].[LicenseNumber], [d].[Status], [d].[VehicleNumber]
FROM [Driver] AS [d]
WHERE [d].[IsDeleted] = CAST(0 AS bit)
2024-10-24 15:47:59.236 +05:30 [INF] Fetched 21 drivers.
2024-10-24 15:47:59.237 +05:30 [INF] Executing OkObjectResult, writing value of type 'System.Collections.Generic.List`1[[PortAppointmentAPI.Models.Driver, PortAppointmentAPI, Version=1.0.0.0, Culture=neutral, PublicKeyToken=null]]'.
2024-10-24 15:47:59.240 +05:30 [INF] Executed action PortAppointmentAPI.Controllers.DriverController.GetDrivers (PortAppointmentAPI) in 9.207ms
2024-10-24 15:47:59.241 +05:30 [INF] Executed endpoint 'PortAppointmentAPI.Controllers.DriverController.GetDrivers (PortAppointmentAPI)'
2024-10-24 15:47:59.242 +05:30 [INF] Request finished HTTP/1.1 GET http://localhost:5096/api/Driver/?start=&limit=2 - 200 null application/json; charset=utf-8 33.2075ms
2024-10-24 15:48:11.589 +05:30 [INF] Request starting HTTP/1.1 GET http://localhost:5096/api/Driver/?start=&limit= - application/json 87
2024-10-24 15:48:11.635 +05:30 [INF] Executing endpoint 'PortAppointmentAPI.Controllers.DriverController.GetDrivers (PortAppointmentAPI)'
2024-10-24 15:48:11.638 +05:30 [INF] Route matched with {action = "GetDrivers", controller = "Driver"}. Executing controller action with signature System.Threading.Tasks.Task`1[Microsoft.AspNetCore.Mvc.IActionResult] GetDrivers() on controller PortAppointmentAPI.Controllers.DriverController (PortAppointmentAPI).
2024-10-24 15:48:11.644 +05:30 [INF] Fetching all drivers.
2024-10-24 15:48:11.652 +05:30 [INF] Executed DbCommand (2ms) [Parameters=[], CommandType='"Text"', CommandTimeout='30']
SELECT [d].[Id], [d].[DriverMobileNumber], [d].[DriverName], [d].[IsDeleted], [d].[LicenseNumber], [d].[Status], [d].[VehicleNumber]
FROM [Driver] AS [d]
WHERE [d].[IsDeleted] = CAST(0 AS bit)
2024-10-24 15:48:11.675 +05:30 [INF] Fetched 21 drivers.
2024-10-24 15:48:11.681 +05:30 [INF] Executing OkObjectResult, writing value of type 'System.Collections.Generic.List`1[[PortAppointmentAPI.Models.Driver, PortAppointmentAPI, Version=1.0.0.0, Culture=neutral, PublicKeyToken=null]]'.
2024-10-24 15:48:11.686 +05:30 [INF] Executed action PortAppointmentAPI.Controllers.DriverController.GetDrivers (PortAppointmentAPI) in 42.6173ms
2024-10-24 15:48:11.693 +05:30 [INF] Executed endpoint 'PortAppointmentAPI.Controllers.DriverController.GetDrivers (PortAppointmentAPI)'
2024-10-24 15:48:11.695 +05:30 [INF] Request finished HTTP/1.1 GET http://localhost:5096/api/Driver/?start=&limit= - 200 null application/json; charset=utf-8 105.8251ms
2024-10-24 15:48:15.505 +05:30 [INF] Request starting HTTP/1.1 GET http://localhost:5096/api/Driver/?start=&limit - application/json 87
2024-10-24 15:48:15.518 +05:30 [INF] Executing endpoint 'PortAppointmentAPI.Controllers.DriverController.GetDrivers (PortAppointmentAPI)'
2024-10-24 15:48:15.521 +05:30 [INF] Route matched with {action = "GetDrivers", controller = "Driver"}. Executing controller action with signature System.Threading.Tasks.Task`1[Microsoft.AspNetCore.Mvc.IActionResult] GetDrivers() on controller PortAppointmentAPI.Controllers.DriverController (PortAppointmentAPI).
2024-10-24 15:48:15.524 +05:30 [INF] Fetching all drivers.
2024-10-24 15:48:15.528 +05:30 [INF] Executed DbCommand (1ms) [Parameters=[], CommandType='"Text"', CommandTimeout='30']
SELECT [d].[Id], [d].[DriverMobileNumber], [d].[DriverName], [d].[IsDeleted], [d].[LicenseNumber], [d].[Status], [d].[VehicleNumber]
FROM [Driver] AS [d]
WHERE [d].[IsDeleted] = CAST(0 AS bit)
2024-10-24 15:48:15.531 +05:30 [INF] Fetched 21 drivers.
2024-10-24 15:48:15.533 +05:30 [INF] Executing OkObjectResult, writing value of type 'System.Collections.Generic.List`1[[PortAppointmentAPI.Models.Driver, PortAppointmentAPI, Version=1.0.0.0, Culture=neutral, PublicKeyToken=null]]'.
2024-10-24 15:48:15.536 +05:30 [INF] Executed action PortAppointmentAPI.Controllers.DriverController.GetDrivers (PortAppointmentAPI) in 12.0101ms
2024-10-24 15:48:15.537 +05:30 [INF] Executed endpoint 'PortAppointmentAPI.Controllers.DriverController.GetDrivers (PortAppointmentAPI)'
2024-10-24 15:48:15.538 +05:30 [INF] Request finished HTTP/1.1 GET http://localhost:5096/api/Driver/?start=&limit - 200 null application/json; charset=utf-8 33.4676ms
2024-10-24 15:48:19.231 +05:30 [INF] Request starting HTTP/1.1 GET http://localhost:5096/api/Driver/?start=&limit - application/json 87
2024-10-24 15:48:19.242 +05:30 [INF] Executing endpoint 'PortAppointmentAPI.Controllers.DriverController.GetDrivers (PortAppointmentAPI)'
2024-10-24 15:48:19.243 +05:30 [INF] Route matched with {action = "GetDrivers", controller = "Driver"}. Executing controller action with signature System.Threading.Tasks.Task`1[Microsoft.AspNetCore.Mvc.IActionResult] GetDrivers() on controller PortAppointmentAPI.Controllers.DriverController (PortAppointmentAPI).
2024-10-24 15:48:19.245 +05:30 [INF] Fetching all drivers.
2024-10-24 15:48:19.249 +05:30 [INF] Executed DbCommand (1ms) [Parameters=[], CommandType='"Text"', CommandTimeout='30']
SELECT [d].[Id], [d].[DriverMobileNumber], [d].[DriverName], [d].[IsDeleted], [d].[LicenseNumber], [d].[Status], [d].[VehicleNumber]
FROM [Driver] AS [d]
WHERE [d].[IsDeleted] = CAST(0 AS bit)
2024-10-24 15:48:19.252 +05:30 [INF] Fetched 21 drivers.
2024-10-24 15:48:19.253 +05:30 [INF] Executing OkObjectResult, writing value of type 'System.Collections.Generic.List`1[[PortAppointmentAPI.Models.Driver, PortAppointmentAPI, Version=1.0.0.0, Culture=neutral, PublicKeyToken=null]]'.
2024-10-24 15:48:19.256 +05:30 [INF] Executed action PortAppointmentAPI.Controllers.DriverController.GetDrivers (PortAppointmentAPI) in 11.4517ms
2024-10-24 15:48:19.258 +05:30 [INF] Executed endpoint 'PortAppointmentAPI.Controllers.DriverController.GetDrivers (PortAppointmentAPI)'
2024-10-24 15:48:19.261 +05:30 [INF] Request finished HTTP/1.1 GET http://localhost:5096/api/Driver/?start=&limit - 200 null application/json; charset=utf-8 29.2177ms
2024-10-24 15:48:33.070 +05:30 [INF] Request starting HTTP/1.1 GET http://localhost:5096/api/Driver/ - application/json 87
2024-10-24 15:48:33.076 +05:30 [INF] Executing endpoint 'PortAppointmentAPI.Controllers.DriverController.GetDrivers (PortAppointmentAPI)'
2024-10-24 15:48:33.078 +05:30 [INF] Route matched with {action = "GetDrivers", controller = "Driver"}. Executing controller action with signature System.Threading.Tasks.Task`1[Microsoft.AspNetCore.Mvc.IActionResult] GetDrivers() on controller PortAppointmentAPI.Controllers.DriverController (PortAppointmentAPI).
2024-10-24 15:48:33.081 +05:30 [INF] Fetching all drivers.
2024-10-24 15:48:33.084 +05:30 [INF] Executed DbCommand (1ms) [Parameters=[], CommandType='"Text"', CommandTimeout='30']
SELECT [d].[Id], [d].[DriverMobileNumber], [d].[DriverName], [d].[IsDeleted], [d].[LicenseNumber], [d].[Status], [d].[VehicleNumber]
FROM [Driver] AS [d]
WHERE [d].[IsDeleted] = CAST(0 AS bit)
2024-10-24 15:48:33.086 +05:30 [INF] Fetched 21 drivers.
2024-10-24 15:48:33.088 +05:30 [INF] Executing OkObjectResult, writing value of type 'System.Collections.Generic.List`1[[PortAppointmentAPI.Models.Driver, PortAppointmentAPI, Version=1.0.0.0, Culture=neutral, PublicKeyToken=null]]'.
2024-10-24 15:48:33.090 +05:30 [INF] Executed action PortAppointmentAPI.Controllers.DriverController.GetDrivers (PortAppointmentAPI) in 9.0255ms
2024-10-24 15:48:33.093 +05:30 [INF] Executed endpoint 'PortAppointmentAPI.Controllers.DriverController.GetDrivers (PortAppointmentAPI)'
2024-10-24 15:48:33.095 +05:30 [INF] Request finished HTTP/1.1 GET http://localhost:5096/api/Driver/ - 200 null application/json; charset=utf-8 25.027ms
2024-10-24 15:48:36.479 +05:30 [INF] Request starting HTTP/1.1 GET http://localhost:5096/api/Driver - application/json 87
2024-10-24 15:48:36.487 +05:30 [INF] Executing endpoint 'PortAppointmentAPI.Controllers.DriverController.GetDrivers (PortAppointmentAPI)'
2024-10-24 15:48:36.488 +05:30 [INF] Route matched with {action = "GetDrivers", controller = "Driver"}. Executing controller action with signature System.Threading.Tasks.Task`1[Microsoft.AspNetCore.Mvc.IActionResult] GetDrivers() on controller PortAppointmentAPI.Controllers.DriverController (PortAppointmentAPI).
2024-10-24 15:48:36.490 +05:30 [INF] Fetching all drivers.
2024-10-24 15:48:36.492 +05:30 [INF] Executed DbCommand (1ms) [Parameters=[], CommandType='"Text"', CommandTimeout='30']
SELECT [d].[Id], [d].[DriverMobileNumber], [d].[DriverName], [d].[IsDeleted], [d].[LicenseNumber], [d].[Status], [d].[VehicleNumber]
FROM [Driver] AS [d]
WHERE [d].[IsDeleted] = CAST(0 AS bit)
2024-10-24 15:48:36.495 +05:30 [INF] Fetched 21 drivers.
2024-10-24 15:48:36.496 +05:30 [INF] Executing OkObjectResult, writing value of type 'System.Collections.Generic.List`1[[PortAppointmentAPI.Models.Driver, PortAppointmentAPI, Version=1.0.0.0, Culture=neutral, PublicKeyToken=null]]'.
2024-10-24 15:48:36.499 +05:30 [INF] Executed action PortAppointmentAPI.Controllers.DriverController.GetDrivers (PortAppointmentAPI) in 8.7193ms
2024-10-24 15:48:36.501 +05:30 [INF] Executed endpoint 'PortAppointmentAPI.Controllers.DriverController.GetDrivers (PortAppointmentAPI)'
2024-10-24 15:48:36.503 +05:30 [INF] Request finished HTTP/1.1 GET http://localhost:5096/api/Driver - 200 null application/json; charset=utf-8 23.5941ms
2024-10-24 15:48:38.018 +05:30 [INF] Request starting HTTP/1.1 GET http://localhost:5096/api/Drive - application/json 87
2024-10-24 15:48:38.029 +05:30 [INF] Request finished HTTP/1.1 GET http://localhost:5096/api/Drive - 404 0 null 11.204ms
2024-10-24 15:48:38.037 +05:30 [INF] Request reached the end of the middleware pipeline without being handled by application code. Request path: GET http://localhost:5096/api/Drive, Response status code: 404
2024-10-24 15:49:28.014 +05:30 [INF] Request starting HTTP/1.1 GET http://localhost:5096/api/Driver/paged/?start=&limit=2 - application/json 87
2024-10-24 15:49:28.024 +05:30 [INF] Executing endpoint 'PortAppointmentAPI.Controllers.DriverController.GetDriversPaged (PortAppointmentAPI)'
2024-10-24 15:49:28.061 +05:30 [INF] Route matched with {action = "GetDriversPaged", controller = "Driver"}. Executing controller action with signature System.Threading.Tasks.Task`1[Microsoft.AspNetCore.Mvc.IActionResult] GetDriversPaged(Int32, Int32) on controller PortAppointmentAPI.Controllers.DriverController (PortAppointmentAPI).
2024-10-24 15:49:28.094 +05:30 [INF] Executing BadRequestObjectResult, writing value of type 'Microsoft.AspNetCore.Mvc.ValidationProblemDetails'.
2024-10-24 15:49:28.136 +05:30 [INF] Executed action PortAppointmentAPI.Controllers.DriverController.GetDriversPaged (PortAppointmentAPI) in 67.7051ms
2024-10-24 15:49:28.139 +05:30 [INF] Executed endpoint 'PortAppointmentAPI.Controllers.DriverController.GetDriversPaged (PortAppointmentAPI)'
2024-10-24 15:49:28.141 +05:30 [INF] Request finished HTTP/1.1 GET http://localhost:5096/api/Driver/paged/?start=&limit=2 - 400 null application/problem+json; charset=utf-8 126.2714ms
2024-10-24 15:49:44.095 +05:30 [INF] Request starting HTTP/1.1 GET http://localhost:5096/api/Driver/paged/?start=&limit=2 - application/json 87
2024-10-24 15:49:44.101 +05:30 [INF] Executing endpoint 'PortAppointmentAPI.Controllers.DriverController.GetDriversPaged (PortAppointmentAPI)'
2024-10-24 15:49:44.103 +05:30 [INF] Route matched with {action = "GetDriversPaged", controller = "Driver"}. Executing controller action with signature System.Threading.Tasks.Task`1[Microsoft.AspNetCore.Mvc.IActionResult] GetDriversPaged(Int32, Int32) on controller PortAppointmentAPI.Controllers.DriverController (PortAppointmentAPI).
2024-10-24 15:49:44.106 +05:30 [INF] Executing BadRequestObjectResult, writing value of type 'Microsoft.AspNetCore.Mvc.ValidationProblemDetails'.
2024-10-24 15:49:44.108 +05:30 [INF] Executed action PortAppointmentAPI.Controllers.DriverController.GetDriversPaged (PortAppointmentAPI) in 2.8727ms
2024-10-24 15:49:44.109 +05:30 [INF] Executed endpoint 'PortAppointmentAPI.Controllers.DriverController.GetDriversPaged (PortAppointmentAPI)'
2024-10-24 15:49:44.111 +05:30 [INF] Request finished HTTP/1.1 GET http://localhost:5096/api/Driver/paged/?start=&limit=2 - 400 null application/problem+json; charset=utf-8 15.3972ms
2024-10-24 15:49:48.936 +05:30 [INF] Request starting HTTP/1.1 GET http://localhost:5096/api/Driver/paged/?start=1&limit=2 - application/json 87
2024-10-24 15:49:48.948 +05:30 [INF] Executing endpoint 'PortAppointmentAPI.Controllers.DriverController.GetDriversPaged (PortAppointmentAPI)'
2024-10-24 15:49:48.950 +05:30 [INF] Route matched with {action = "GetDriversPaged", controller = "Driver"}. Executing controller action with signature System.Threading.Tasks.Task`1[Microsoft.AspNetCore.Mvc.IActionResult] GetDriversPaged(Int32, Int32) on controller PortAppointmentAPI.Controllers.DriverController (PortAppointmentAPI).
2024-10-24 15:49:48.954 +05:30 [INF] Fetching drivers with pagination. Start: 1, Limit: 2
2024-10-24 15:49:48.989 +05:30 [INF] Executed DbCommand (15ms) [Parameters=[@__p_0='?' (DbType = Int32), @__p_1='?' (DbType = Int32)], CommandType='"Text"', CommandTimeout='30']
SELECT [d].[Id], [d].[DriverMobileNumber], [d].[DriverName], [d].[IsDeleted], [d].[LicenseNumber], [d].[Status], [d].[VehicleNumber]
FROM [Driver] AS [d]
WHERE [d].[IsDeleted] = CAST(0 AS bit)
ORDER BY [d].[Id]
OFFSET @__p_0 ROWS FETCH NEXT @__p_1 ROWS ONLY
2024-10-24 15:49:48.995 +05:30 [INF] Fetched 2 drivers for pagination.
2024-10-24 15:49:48.997 +05:30 [INF] Executing OkObjectResult, writing value of type 'System.Collections.Generic.List`1[[PortAppointmentAPI.Models.Driver, PortAppointmentAPI, Version=1.0.0.0, Culture=neutral, PublicKeyToken=null]]'.
2024-10-24 15:49:48.999 +05:30 [INF] Executed action PortAppointmentAPI.Controllers.DriverController.GetDriversPaged (PortAppointmentAPI) in 46.4482ms
2024-10-24 15:49:49.001 +05:30 [INF] Executed endpoint 'PortAppointmentAPI.Controllers.DriverController.GetDriversPaged (PortAppointmentAPI)'
2024-10-24 15:49:49.005 +05:30 [INF] Request finished HTTP/1.1 GET http://localhost:5096/api/Driver/paged/?start=1&limit=2 - 200 null application/json; charset=utf-8 69.0206ms
2024-10-24 15:50:03.288 +05:30 [INF] Request starting HTTP/1.1 GET http://localhost:5096/api/Appointment/paged/?start=1&limit=2 - application/json 87
2024-10-24 15:50:03.301 +05:30 [INF] Executing endpoint 'PortAppointmentAPI.Controllers.AppointmentController.GetAppointmentsPaged (PortAppointmentAPI)'
2024-10-24 15:50:03.314 +05:30 [INF] Route matched with {action = "GetAppointmentsPaged", controller = "Appointment"}. Executing controller action with signature System.Threading.Tasks.Task`1[Microsoft.AspNetCore.Mvc.IActionResult] GetAppointmentsPaged(Int32, Int32) on controller PortAppointmentAPI.Controllers.AppointmentController (PortAppointmentAPI).
2024-10-24 15:50:03.321 +05:30 [INF] Fetching appointments with pagination. Start: 1, Limit: 2
2024-10-24 15:50:03.358 +05:30 [INF] Executed DbCommand (8ms) [Parameters=[@__p_0='?' (DbType = Int32), @__p_1='?' (DbType = Int32)], CommandType='"Text"', CommandTimeout='30']
SELECT [t].[Id], [t].[AppointmentDate], [t].[AppointmentStatus], [t].[ContainerId], [t].[DriverId], [t].[IsDeleted], [t].[Port], [t].[ShipId], [t].[TerminalId], [t].[TicketNumber], [t].[TruckingCompanyId], [t].[UserId], [d].[Id], [d].[DriverMobileNumber], [d].[DriverName], [d].[IsDeleted], [d].[LicenseNumber], [d].[Status], [d].[VehicleNumber], [t0].[Id], [t0].[DropType], [t0].[IsDeleted], [t0].[Name], [s].[Id], [s].[IsDeleted], [s].[ShipNumber], [s].[Status], [s].[TimeSlot], [c].[Id], [c].[ContainerNumber], [c].[IsDeleted], [c].[Size], [c].[Status], [c].[Type], [t1].[Id], [t1].[IsDeleted], [t1].[Location], [t1].[TerminalName]
FROM (
    SELECT [a].[Id], [a].[AppointmentDate], [a].[AppointmentStatus], [a].[ContainerId], [a].[DriverId], [a].[IsDeleted], [a].[Port], [a].[ShipId], [a].[TerminalId], [a].[TicketNumber], [a].[TruckingCompanyId], [a].[UserId]
    FROM [Appointments] AS [a]
    ORDER BY [a].[AppointmentDate]
    OFFSET @__p_0 ROWS FETCH NEXT @__p_1 ROWS ONLY
) AS [t]
INNER JOIN [Driver] AS [d] ON [t].[DriverId] = [d].[Id]
INNER JOIN [TruckingCompany] AS [t0] ON [t].[TruckingCompanyId] = [t0].[Id]
INNER JOIN [Ship] AS [s] ON [t].[ShipId] = [s].[Id]
INNER JOIN [Container] AS [c] ON [t].[ContainerId] = [c].[Id]
INNER JOIN [Terminals] AS [t1] ON [t].[TerminalId] = [t1].[Id]
ORDER BY [t].[AppointmentDate]
2024-10-24 15:50:03.365 +05:30 [INF] Fetched 2 appointments for pagination.
2024-10-24 15:50:03.368 +05:30 [INF] Executing OkObjectResult, writing value of type 'System.Collections.Generic.List`1[[PortAppointmentAPI.Models.Appointment, PortAppointmentAPI, Version=1.0.0.0, Culture=neutral, PublicKeyToken=null]]'.
2024-10-24 15:50:03.370 +05:30 [INF] Executed action PortAppointmentAPI.Controllers.AppointmentController.GetAppointmentsPaged (PortAppointmentAPI) in 50.3097ms
2024-10-24 15:50:03.371 +05:30 [INF] Executed endpoint 'PortAppointmentAPI.Controllers.AppointmentController.GetAppointmentsPaged (PortAppointmentAPI)'
2024-10-24 15:50:03.372 +05:30 [INF] Request finished HTTP/1.1 GET http://localhost:5096/api/Appointment/paged/?start=1&limit=2 - 200 null application/json; charset=utf-8 84.2234ms
2024-10-24 15:53:24.099 +05:30 [INF] Application is shutting down...
